Using pre-set license
Built from '2020.3/release' branch; Version is '2020.3.12f1 (b3b2c6512326) revision 11776710'; Using compiler version '192528614'; Build Type 'Release'
OS: 'Windows 10 Home; OS build 19042.1586; Version 2009; 64bit' Language: 'en' Physical Memory: 16303 MB
BatchMode: 1, IsHumanControllingUs: 0, StartBugReporterOnCrash: 0, Is64bit: 1, IsPro: 0

 COMMAND LINE ARGUMENTS:
D:\Unity Editor\2020.3.12f1\Editor\Unity.exe
-adb2
-batchMode
-noUpm
-name
AssetImportWorker0
-projectPath
D:/Unity Projects/ReincarnationJam/ReincarnationProj
-logFile
Logs/AssetImportWorker0.log
-srvPort
65394
Successfully changed project path to: D:/Unity Projects/ReincarnationJam/ReincarnationProj
D:/Unity Projects/ReincarnationJam/ReincarnationProj
Using Asset Import Pipeline V2.
Refreshing native plugins compatible for Editor in 47.01 ms, found 3 plugins.
Preloading 0 native plugins for Editor in 0.00 ms.
Initialize engine version: 2020.3.12f1 (b3b2c6512326)
[Subsystems] Discovering subsystems at path D:/Unity Editor/2020.3.12f1/Editor/Data/Resources/UnitySubsystems
[Subsystems] Discovering subsystems at path D:/Unity Projects/ReincarnationJam/ReincarnationProj/Assets
GfxDevice: creating device client; threaded=0
Direct3D:
    Version:  Direct3D 11.0 [level 11.1]
    Renderer: NVIDIA GeForce RTX 2060 (ID=0x1f11)
    Vendor:   
    VRAM:     5980 MB
    Driver:   30.0.14.7212
Initialize mono
Mono path[0] = 'D:/Unity Editor/2020.3.12f1/Editor/Data/Managed'
Mono path[1] = 'D:/Unity Editor/2020.3.12f1/Editor/Data/MonoBleedingEdge/lib/mono/unityjit'
Mono config path = 'D:/Unity Editor/2020.3.12f1/Editor/Data/MonoBleedingEdge/etc'
Using monoOptions --debugger-agent=transport=dt_socket,embedding=1,server=y,suspend=n,address=127.0.0.1:56168
Begin MonoManager ReloadAssembly
Registering precompiled unity dll's ...
Register platform support module: D:/Unity Editor/2020.3.12f1/Editor/Data/PlaybackEngines/WindowsStandaloneSupport/UnityEditor.WindowsStandalone.Extensions.dll
Registered in 0.001554 seconds.
Native extension for WindowsStandalone target not found
Refreshing native plugins compatible for Editor in 40.56 ms, found 3 plugins.
Preloading 0 native plugins for Editor in 0.00 ms.
Mono: successfully reloaded assembly
- Completed reload, in  1.399 seconds
Platform modules already initialized, skipping
Registering precompiled user dll's ...
Registered in 0.004602 seconds.
Begin MonoManager ReloadAssembly
Native extension for WindowsStandalone target not found
Refreshing native plugins compatible for Editor in 38.53 ms, found 3 plugins.
Preloading 0 native plugins for Editor in 0.00 ms.
Mono: successfully reloaded assembly
- Completed reload, in  1.114 seconds
Platform modules already initialized, skipping
========================================================================
Worker process is ready to serve import requests
Launched and connected shader compiler UnityShaderCompiler.exe after 0.05 seconds
Refreshing native plugins compatible for Editor in 0.40 ms, found 3 plugins.
Preloading 0 native plugins for Editor in 0.00 ms.
Unloading 2089 Unused Serialized files (Serialized files now loaded: 0)
System memory in use before: 92.9 MB.
System memory in use after: 92.9 MB.

Unloading 28 unused Assets to reduce memory usage. Loaded Objects now: 2527.
Total: 2.350100 ms (FindLiveObjects: 0.205600 ms CreateObjectMapping: 0.071400 ms MarkObjects: 1.998000 ms  DeleteObjects: 0.073900 ms)

AssetImportParameters requested are different than current active one (requested -> active):
  custom:framework-win-MediaFoundation: 216162199b28c13a410421893ffa2e32 -> 
  custom:video-decoder-ogg-theora: a1e56fd34408186e4bbccfd4996cb3dc -> 
  custom:container-muxer-webm: aa71ff27fc2769a1b78a27578f13a17b -> 
  custom:container-demuxer-webm: 4f35f7cbe854078d1ac9338744f61a02 -> 
  custom:container-demuxer-ogg: 62fdf1f143b41e24485cea50d1cbac27 -> 
  custom:video-encoder-webm-vp8: eb34c28f22e8b96e1ab97ce403110664 -> 
  custom:video-codec-MediaFoundation-h265: 746d11721c4dcdbdad8f713fa42b33f4 -> 
  custom:video-decoder-webm-vp8: 9c59270c3fd7afecdb556c50c9e8de78 -> 
  custom:audio-decoder-ogg-vorbis: bf7c407c2cedff20999df2af8eb42d56 -> 
  custom:audio-encoder-webm-vorbis: bf7c407c2cedff20999df2af8eb42d56 -> 
========================================================================
Received Import Request.
  path: Assets/Huh.mp3
  artifactKey: Guid(6cc72d2a2d62326478cc594d69eb06ba) Importer(815301076,1909f56bfc062723c751e8b465ee728b)
Start importing Assets/Huh.mp3 using Guid(6cc72d2a2d62326478cc594d69eb06ba) Importer(815301076,1909f56bfc062723c751e8b465ee728b)  -> (artifact id: '9df711f8c52b6cb7af30cc636b6985b5') in 0.103575 seconds 
  Import took 0.106607 seconds .

========================================================================
Received Import Request.
  Time since last request: 0.000337 seconds.
  path: Assets/WaterRock.png
  artifactKey: Guid(dafdd672795349f4f977ce124ef6c8a0) Importer(815301076,1909f56bfc062723c751e8b465ee728b)
Start importing Assets/WaterRock.png using Guid(dafdd672795349f4f977ce124ef6c8a0) Importer(815301076,1909f56bfc062723c751e8b465ee728b)  -> (artifact id: 'd516b826ab6760212d3aaa581ef7ee01') in 0.075081 seconds 
  Import took 0.078221 seconds .

========================================================================
Received Import Request.
  Time since last request: 0.000344 seconds.
  path: Assets/New Material.mat
  artifactKey: Guid(75810bf30e5d5424c87fdb9e62be99ca) Importer(815301076,1909f56bfc062723c751e8b465ee728b)
Start importing Assets/New Material.mat using Guid(75810bf30e5d5424c87fdb9e62be99ca) Importer(815301076,1909f56bfc062723c751e8b465ee728b)  -> (artifact id: 'f58b4701b6123d1cfe2a512c9ba3663d') in 0.426400 seconds 
  Import took 0.429196 seconds .

========================================================================
Received Import Request.
  Time since last request: 46.965743 seconds.
  path: Assets/Scenes/Philosopher.unity
  artifactKey: Guid(9ca8a201fe26c584582e030227efa3e2) Importer(815301076,1909f56bfc062723c751e8b465ee728b)
Start importing Assets/Scenes/Philosopher.unity using Guid(9ca8a201fe26c584582e030227efa3e2) Importer(815301076,1909f56bfc062723c751e8b465ee728b)  -> (artifact id: '2dd3dbf9f0ffa77d68b31a36844b565a') in 0.005225 seconds 
  Import took 0.008424 seconds .

========================================================================
Received Import Request.
  Time since last request: 0.343139 seconds.
  path: Assets/Scenes/Philosopher.unity
  artifactKey: Guid(9ca8a201fe26c584582e030227efa3e2) Importer(815301076,1909f56bfc062723c751e8b465ee728b)
Start importing Assets/Scenes/Philosopher.unity using Guid(9ca8a201fe26c584582e030227efa3e2) Importer(815301076,1909f56bfc062723c751e8b465ee728b)  -> (artifact id: '2dd3dbf9f0ffa77d68b31a36844b565a') in 0.002365 seconds 
  Import took 0.005771 seconds .

========================================================================
Received Import Request.
  Time since last request: 833.034151 seconds.
  path: Assets/Scenes/Salmon.unity
  artifactKey: Guid(e8df4cc84d7e6f348a9f060521d74857) Importer(815301076,1909f56bfc062723c751e8b465ee728b)
Start importing Assets/Scenes/Salmon.unity using Guid(e8df4cc84d7e6f348a9f060521d74857) Importer(815301076,1909f56bfc062723c751e8b465ee728b)  -> (artifact id: 'adc17b93c471b99606459926bdee3ab0') in 0.007555 seconds 
  Import took 0.011190 seconds .

========================================================================
Received Prepare
Registering precompiled user dll's ...
Registered in 0.005267 seconds.
Begin MonoManager ReloadAssembly
Native extension for WindowsStandalone target not found
Refreshing native plugins compatible for Editor in 0.44 ms, found 3 plugins.
Preloading 0 native plugins for Editor in 0.00 ms.
Mono: successfully reloaded assembly
- Completed reload, in  1.173 seconds
Platform modules already initialized, skipping
Refreshing native plugins compatible for Editor in 0.42 ms, found 3 plugins.
Preloading 0 native plugins for Editor in 0.00 ms.
Unloading 2079 Unused Serialized files (Serialized files now loaded: 0)
System memory in use before: 95.6 MB.
System memory in use after: 95.7 MB.

Unloading 16 unused Assets to reduce memory usage. Loaded Objects now: 2576.
Total: 3.019100 ms (FindLiveObjects: 0.179100 ms CreateObjectMapping: 0.087900 ms MarkObjects: 2.715800 ms  DeleteObjects: 0.035100 ms)

AssetImportParameters requested are different than current active one (requested -> active):
  custom:framework-win-MediaFoundation: 216162199b28c13a410421893ffa2e32 -> 
  custom:video-decoder-ogg-theora: a1e56fd34408186e4bbccfd4996cb3dc -> 
  custom:container-muxer-webm: aa71ff27fc2769a1b78a27578f13a17b -> 
  custom:container-demuxer-webm: 4f35f7cbe854078d1ac9338744f61a02 -> 
  custom:container-demuxer-ogg: 62fdf1f143b41e24485cea50d1cbac27 -> 
  custom:video-encoder-webm-vp8: eb34c28f22e8b96e1ab97ce403110664 -> 
  custom:video-codec-MediaFoundation-h265: 746d11721c4dcdbdad8f713fa42b33f4 -> 
  custom:video-decoder-webm-vp8: 9c59270c3fd7afecdb556c50c9e8de78 -> 
  custom:audio-decoder-ogg-vorbis: bf7c407c2cedff20999df2af8eb42d56 -> 
  custom:audio-encoder-webm-vorbis: bf7c407c2cedff20999df2af8eb42d56 -> 
